# JRE version: OpenJDK Runtime Environment (8.0_202-b03) (build 1.8.0_202-release-1483-b03)
# Java VM: OpenJDK 64-Bit Server VM (25.202-b03 mixed mode windows-amd64 compressed oops)
Heap:
 PSYoungGen      total 100864K, used 42973K [0x00000000e0000000, 0x00000000e7300000, 0x0000000100000000)
  eden space 88064K, 35% used [0x00000000e0000000,0x00000000e1e9aae8,0x00000000e5600000)
  from space 12800K, 90% used [0x00000000e6380000,0x00000000e6edc9e0,0x00000000e7000000)
  to   space 13824K, 0% used [0x00000000e5600000,0x00000000e5600000,0x00000000e6380000)
 ParOldGen       total 119808K, used 18335K [0x00000000a0000000, 0x00000000a7500000, 0x00000000e0000000)
  object space 119808K, 15% used [0x00000000a0000000,0x00000000a11e7f70,0x00000000a7500000)
 Metaspace       used 49767K, capacity 51176K, committed 51456K, reserved 1093632K
  class space    used 6710K, capacity 7059K, committed 7168K, reserved 1048576K
GC Heap History (10 events):
Event: 10.898 GC heap before
{Heap before GC invocations=6 (full 1):
 PSYoungGen      total 76288K, used 73563K [0x00000000e0000000, 0x00000000e6b80000, 0x0000000100000000)
  eden space 65536K, 100% used [0x00000000e0000000,0x00000000e4000000,0x00000000e4000000)
  from space 10752K, 74% used [0x00000000e4a80000,0x00000000e5256db8,0x00000000e5500000)
  to   space 10752K, 0% used [0x00000000e4000000,0x00000000e4000000,0x00000000e4a80000)
 ParOldGen       total 119808K, used 11582K [0x00000000a0000000, 0x00000000a7500000, 0x00000000e0000000)
  object space 119808K, 9% used [0x00000000a0000000,0x00000000a0b4fb10,0x00000000a7500000)
 Metaspace       used 32051K, capacity 32638K, committed 32768K, reserved 1077248K
  class space    used 4411K, capacity 4592K, committed 4608K, reserved 1048576K
Event: 10.907 GC heap after
Heap after GC invocations=6 (full 1):
 PSYoungGen      total 76288K, used 8822K [0x00000000e0000000, 0x00000000e6f80000, 0x0000000100000000)
  eden space 65536K, 0% used [0x00000000e0000000,0x00000000e0000000,0x00000000e4000000)
  from space 10752K, 82% used [0x00000000e4000000,0x00000000e489d898,0x00000000e4a80000)
  to   space 12800K, 0% used [0x00000000e6300000,0x00000000e6300000,0x00000000e6f80000)
 ParOldGen       total 119808K, used 11590K [0x00000000a0000000, 0x00000000a7500000, 0x00000000e0000000)
  object space 119808K, 9% used [0x00000000a0000000,0x00000000a0b51b10,0x00000000a7500000)
 Metaspace       used 32051K, capacity 32638K, committed 32768K, reserved 1077248K
  class space    used 4411K, capacity 4592K, committed 4608K, reserved 1048576K
}
Event: 11.978 GC heap before
{Heap before GC invocations=7 (full 1):
 PSYoungGen      total 76288K, used 64961K [0x00000000e0000000, 0x00000000e6f80000, 0x0000000100000000)
  eden space 65536K, 85% used [0x00000000e0000000,0x00000000e36d2bc0,0x00000000e4000000)
  from space 10752K, 82% used [0x00000000e4000000,0x00000000e489d898,0x00000000e4a80000)
  to   space 12800K, 0% used [0x00000000e6300000,0x00000000e6300000,0x00000000e6f80000)
 ParOldGen       total 119808K, used 11590K [0x00000000a0000000, 0x00000000a7500000, 0x00000000e0000000)
  object space 119808K, 9% used [0x00000000a0000000,0x00000000a0b51b10,0x00000000a7500000)
 Metaspace       used 34677K, capacity 35424K, committed 35456K, reserved 1079296K
  class space    used 4772K, capacity 4964K, committed 4992K, reserved 1048576K
Event: 11.992 GC heap after
Heap after GC invocations=7 (full 1):
 PSYoungGen      total 78336K, used 11515K [0x00000000e0000000, 0x00000000e6f80000, 0x0000000100000000)
  eden space 65536K, 0% used [0x00000000e0000000,0x00000000e0000000,0x00000000e4000000)
  from space 12800K, 89% used [0x00000000e6300000,0x00000000e6e3ee60,0x00000000e6f80000)
  to   space 10752K, 0% used [0x00000000e4000000,0x00000000e4000000,0x00000000e4a80000)
 ParOldGen       total 119808K, used 11598K [0x00000000a0000000, 0x00000000a7500000, 0x00000000e0000000)
  object space 119808K, 9% used [0x00000000a0000000,0x00000000a0b53b10,0x00000000a7500000)
 Metaspace       used 34677K, capacity 35424K, committed 35456K, reserved 1079296K
  class space    used 4772K, capacity 4964K, committed 4992K, reserved 1048576K
}
Event: 11.992 GC heap before
{Heap before GC invocations=8 (full 2):
 PSYoungGen      total 78336K, used 11515K [0x00000000e0000000, 0x00000000e6f80000, 0x0000000100000000)
  eden space 65536K, 0% used [0x00000000e0000000,0x00000000e0000000,0x00000000e4000000)
  from space 12800K, 89% used [0x00000000e6300000,0x00000000e6e3ee60,0x00000000e6f80000)
  to   space 10752K, 0% used [0x00000000e4000000,0x00000000e4000000,0x00000000e4a80000)
 ParOldGen       total 119808K, used 11598K [0x00000000a0000000, 0x00000000a7500000, 0x00000000e0000000)
  object space 119808K, 9% used [0x00000000a0000000,0x00000000a0b53b10,0x00000000a7500000)
 Metaspace       used 34677K, capacity 35424K, committed 35456K, reserved 1079296K
  class space    used 4772K, capacity 4964K, committed 4992K, reserved 1048576K
Event: 12.098 GC heap after
Heap after GC invocations=8 (full 2):
 PSYoungGen      total 78336K, used 0K [0x00000000e0000000, 0x00000000e6f80000, 0x0000000100000000)
  eden space 65536K, 0% used [0x00000000e0000000,0x00000000e0000000,0x00000000e4000000)
  from space 12800K, 0% used [0x00000000e6300000,0x00000000e6300000,0x00000000e6f80000)
  to   space 10752K, 0% used [0x00000000e4000000,0x00000000e4000000,0x00000000e4a80000)
 ParOldGen       total 119808K, used 18319K [0x00000000a0000000, 0x00000000a7500000, 0x00000000e0000000)
  object space 119808K, 15% used [0x00000000a0000000,0x00000000a11e3f70,0x00000000a7500000)
 Metaspace       used 34663K, capacity 35376K, committed 35456K, reserved 1079296K
  class space    used 4767K, capacity 4956K, committed 4992K, reserved 1048576K
}
Event: 13.138 GC heap before
{Heap before GC invocations=9 (full 2):
 PSYoungGen      total 78336K, used 65536K [0x00000000e0000000, 0x00000000e6f80000, 0x0000000100000000)
  eden space 65536K, 100% used [0x00000000e0000000,0x00000000e4000000,0x00000000e4000000)
  from space 12800K, 0% used [0x00000000e6300000,0x00000000e6300000,0x00000000e6f80000)
  to   space 10752K, 0% used [0x00000000e4000000,0x00000000e4000000,0x00000000e4a80000)
 ParOldGen       total 119808K, used 18319K [0x00000000a0000000, 0x00000000a7500000, 0x00000000e0000000)
  object space 119808K, 15% used [0x00000000a0000000,0x00000000a11e3f70,0x00000000a7500000)
 Metaspace       used 42796K, capacity 43726K, committed 44032K, reserved 1087488K
  class space    used 5792K, capacity 6043K, committed 6144K, reserved 1048576K
Event: 13.147 GC heap after
Heap after GC invocations=9 (full 2):
 PSYoungGen      total 76288K, used 9715K [0x00000000e0000000, 0x00000000e7000000, 0x0000000100000000)
  eden space 65536K, 0% used [0x00000000e0000000,0x00000000e0000000,0x00000000e4000000)
  from space 10752K, 90% used [0x00000000e4000000,0x00000000e497cc70,0x00000000e4a80000)
  to   space 12800K, 0% used [0x00000000e6380000,0x00000000e6380000,0x00000000e7000000)
 ParOldGen       total 119808K, used 18327K [0x00000000a0000000, 0x00000000a7500000, 0x00000000e0000000)
  object space 119808K, 15% used [0x00000000a0000000,0x00000000a11e5f70,0x00000000a7500000)
 Metaspace       used 42796K, capacity 43726K, committed 44032K, reserved 1087488K
  class space    used 5792K, capacity 6043K, committed 6144K, reserved 1048576K
}
Event: 14.037 GC heap before
{Heap before GC invocations=10 (full 2):
 PSYoungGen      total 76288K, used 75251K [0x00000000e0000000, 0x00000000e7000000, 0x0000000100000000)
  eden space 65536K, 100% used [0x00000000e0000000,0x00000000e4000000,0x00000000e4000000)
  from space 10752K, 90% used [0x00000000e4000000,0x00000000e497cc70,0x00000000e4a80000)
  to   space 12800K, 0% used [0x00000000e6380000,0x00000000e6380000,0x00000000e7000000)
 ParOldGen       total 119808K, used 18327K [0x00000000a0000000, 0x00000000a7500000, 0x00000000e0000000)
  object space 119808K, 15% used [0x00000000a0000000,0x00000000a11e5f70,0x00000000a7500000)
 Metaspace       used 46706K, capacity 47774K, committed 47872K, reserved 1091584K
  class space    used 6273K, capacity 6592K, committed 6656K, reserved 1048576K
Event: 14.046 GC heap after
Heap after GC invocations=10 (full 2):
 PSYoungGen      total 100864K, used 11634K [0x00000000e0000000, 0x00000000e7300000, 0x0000000100000000)
  eden space 88064K, 0% used [0x00000000e0000000,0x00000000e0000000,0x00000000e5600000)
  from space 12800K, 90% used [0x00000000e6380000,0x00000000e6edc9e0,0x00000000e7000000)
  to   space 13824K, 0% used [0x00000000e5600000,0x00000000e5600000,0x00000000e6380000)
 ParOldGen       total 119808K, used 18335K [0x00000000a0000000, 0x00000000a7500000, 0x00000000e0000000)
  object space 119808K, 15% used [0x00000000a0000000,0x00000000a11e7f70,0x00000000a7500000)
 Metaspace       used 46706K, capacity 47774K, committed 47872K, reserved 1091584K
  class space    used 6273K, capacity 6592K, committed 6656K, reserved 1048576K
}

